<?xml version="1.0" encoding="UTF-8"?>
<!-- Generated by org.testng.reporters.JUnitReportReporter -->
<testsuite hostname="Ronaks-MBP.attlocal.net" failures="0" tests="1" name="RestAssuredAutomation.GoogleMaps_PojoSerialization" time="4.578" errors="0" timestamp="2022-06-26T22:04:22 PDT" skipped="0">
  <testcase classname="RestAssuredAutomation.GoogleMaps_PojoSerialization" name="crudOperations" time="4.578"/>
  <system-out/>
</testsuite> <!-- RestAssuredAutomation.GoogleMaps_PojoSerialization -->
