<?xml version="1.0" encoding="UTF-8"?>
<!-- Generated by org.testng.reporters.JUnitReportReporter -->
<testsuite hostname="Ronaks-MBP.attlocal.net" failures="0" tests="1" name="RestAssuredAutomation.GoogleMap_PojoSerialization" time="4.375" errors="0" timestamp="2022-06-07T14:36:40 PDT" skipped="0">
  <testcase classname="RestAssuredAutomation.GoogleMap_PojoSerialization" name="crudOperations" time="4.375"/>
  <system-out/>
</testsuite> <!-- RestAssuredAutomation.GoogleMap_PojoSerialization -->
