<?xml version="1.0" encoding="UTF-8"?>
<!-- Generated by org.testng.reporters.JUnitReportReporter -->
<testsuite hostname="Ronaks-MBP.attlocal.net" failures="0" tests="1" name="RestAssuredAutomation.GoogleMaps_PojoSerialization" time="6.206" errors="0" timestamp="2022-06-22T12:14:39 PDT" skipped="0">
  <testcase classname="RestAssuredAutomation.GoogleMaps_PojoSerialization" name="crudOperations" time="6.206"/>
  <system-out/>
</testsuite> <!-- RestAssuredAutomation.GoogleMaps_PojoSerialization -->
