<?xml version="1.0" encoding="UTF-8"?>
<!-- Generated by org.testng.reporters.JUnitReportReporter -->
<testsuite hostname="Ronaks-MacBook-Pro.local" failures="0" tests="1" name="RestAssuredAutomation.JiraOperationsPoc2" time="2.799" errors="0" timestamp="2021-06-04T00:47:34 EDT" skipped="0">
  <testcase classname="RestAssuredAutomation.JiraOperationsPoc2" name="deleteComment" time="2.799"/>
  <system-out/>
</testsuite> <!-- RestAssuredAutomation.JiraOperationsPoc2 -->
