<?xml version="1.0" encoding="UTF-8"?>
<!-- Generated by org.testng.reporters.JUnitReportReporter -->
<testsuite hostname="Ronaks-MBP.attlocal.net" failures="0" tests="3" name="RestAssuredAutomation.OAuth2_PojoDeserialization" time="6.351" errors="0" timestamp="2022-06-27T17:33:31 PDT" skipped="2">
  <testcase classname="RestAssuredAutomation.OAuth2_PojoDeserialization" name="OAuth" time="6.351"/>
  <system-out/>
  <testcase classname="RestAssuredAutomation.OAuth2_PojoDeserialization" name="runCommandToOpenChromeOnSpecificPort">
    <skipped/>
  </testcase> <!-- runCommandToOpenChromeOnSpecificPort -->
  <system-out/>
  <testcase classname="RestAssuredAutomation.OAuth2_PojoDeserialization" name="initializeDriverToExistingBrowser">
    <skipped/>
  </testcase> <!-- initializeDriverToExistingBrowser -->
  <system-out/>
</testsuite> <!-- RestAssuredAutomation.OAuth2_PojoDeserialization -->
