<?xml version="1.0" encoding="UTF-8"?>
<!-- Generated by org.testng.reporters.JUnitReportReporter -->
<testsuite hostname="Ronaks-MBP.attlocal.net" failures="0" tests="1" name="RestAssuredAutomation.BasicCrudOperations" time="6.885" errors="0" timestamp="2022-06-20T22:34:30 PDT" skipped="0">
  <testcase classname="RestAssuredAutomation.BasicCrudOperations" name="crudOperations" time="6.885"/>
  <system-out/>
</testsuite> <!-- RestAssuredAutomation.BasicCrudOperations -->
