<?xml version="1.0" encoding="UTF-8"?>
<!-- Generated by org.testng.reporters.JUnitReportReporter -->
<testsuite hostname="Ronaks-MBP.attlocal.net" failures="0" tests="1" name="RestAssuredAutomation.JiraOperationsPoc" time="2.989" errors="0" timestamp="2022-06-01T20:12:07 PDT" skipped="0">
  <testcase classname="RestAssuredAutomation.JiraOperationsPoc" name="addAttachment" time="2.989"/>
  <system-out/>
</testsuite> <!-- RestAssuredAutomation.JiraOperationsPoc -->
