<?xml version="1.0" encoding="UTF-8"?>
<!-- Generated by org.testng.reporters.JUnitReportReporter -->
<testsuite hostname="Ronaks-MBP.attlocal.net" failures="0" tests="1" name="RestAssuredAutomation.GoogleMaps_SpecBuilder" time="8.201" errors="0" timestamp="2022-06-22T12:34:43 PDT" skipped="0">
  <testcase classname="RestAssuredAutomation.GoogleMaps_SpecBuilder" name="GoogleMaps" time="8.201"/>
  <system-out/>
</testsuite> <!-- RestAssuredAutomation.GoogleMaps_SpecBuilder -->
