<?xml version="1.0" encoding="UTF-8"?>
<!-- Generated by org.testng.reporters.JUnitReportReporter -->
<testsuite hostname="Ronaks-MacBook-Pro.local" failures="0" tests="1" name="RestAssuredAutomation.ParseComplexJson" time="1.960" errors="0" timestamp="2021-05-28T11:30:21 EDT" skipped="0">
  <testcase classname="RestAssuredAutomation.ParseComplexJson" name="sumOfCourses" time="1.960"/>
  <system-out/>
</testsuite> <!-- RestAssuredAutomation.ParseComplexJson -->
